08:29 23:36:14.977 [main] [INFO] [com.revature.bankingapp.sysoutgui.util.ApplicationLogger] - App is running
08:29 23:44:55.802 [main] [INFO] [com.revature.bankingapp.sysoutgui.util.ApplicationLogger] - App is running
08:29 23:44:55.818 [main] [INFO] [com.revature.bankingapp.sysoutgui.util.ApplicationLogger] - Launching Home page
08:29 23:45:07.687 [main] [INFO] [com.revature.bankingapp.sysoutgui.util.ApplicationLogger] - Login Successful
08:29 23:45:07.687 [main] [INFO] [com.revature.bankingapp.sysoutgui.util.ApplicationLogger] - Launching Login page
08:30 13:13:10.254 [main] [INFO] [com.revature.bankingapp.sysoutgui.util.ApplicationLogger] - App is running
08:30 13:13:10.273 [main] [INFO] [com.revature.bankingapp.sysoutgui.util.ApplicationLogger] - Launching Home page
08:30 13:13:17.890 [main] [INFO] [com.revature.bankingapp.sysoutgui.util.ApplicationLogger] - Leaving Home Screen
08:30 13:13:17.894 [main] [INFO] [com.revature.bankingapp.sysoutgui.util.ApplicationLogger] - Login Successful
08:30 13:13:17.894 [main] [INFO] [com.revature.bankingapp.sysoutgui.util.ApplicationLogger] - Launching Login page
08:30 13:13:38.948 [main] [INFO] [com.revature.bankingapp.sysoutgui.util.ApplicationLogger] - 1 records updated
08:30 13:29:38.018 [main] [INFO] [com.revature.bankingapp.sysoutgui.util.ApplicationLogger] - App is running
08:30 13:29:38.030 [main] [INFO] [com.revature.bankingapp.sysoutgui.util.ApplicationLogger] - Launching Home page
08:30 13:29:48.527 [main] [INFO] [com.revature.bankingapp.sysoutgui.util.ApplicationLogger] - Leaving Home Screen
08:30 13:29:48.533 [main] [INFO] [com.revature.bankingapp.sysoutgui.util.ApplicationLogger] - Login Successful
08:30 13:29:48.533 [main] [INFO] [com.revature.bankingapp.sysoutgui.util.ApplicationLogger] - Launching Login page
08:30 13:30:00.718 [main] [INFO] [com.revature.bankingapp.sysoutgui.util.ApplicationLogger] - T
08:30 13:42:43.722 [main] [INFO] [com.revature.bankingapp.sysoutgui.util.ApplicationLogger] - App is running
08:30 13:42:43.738 [main] [INFO] [com.revature.bankingapp.sysoutgui.util.ApplicationLogger] - Launching Home page
08:30 13:43:05.656 [main] [INFO] [com.revature.bankingapp.sysoutgui.util.ApplicationLogger] - Leaving Home Screen
08:30 13:43:05.659 [main] [INFO] [com.revature.bankingapp.sysoutgui.util.ApplicationLogger] - Login Successful
08:30 13:43:05.659 [main] [INFO] [com.revature.bankingapp.sysoutgui.util.ApplicationLogger] - Launching Login page
08:30 13:44:05.708 [main] [INFO] [com.revature.bankingapp.sysoutgui.util.ApplicationLogger] - App is running
08:30 13:44:05.719 [main] [INFO] [com.revature.bankingapp.sysoutgui.util.ApplicationLogger] - Launching Home page
08:30 13:44:13.662 [main] [INFO] [com.revature.bankingapp.sysoutgui.util.ApplicationLogger] - Leaving Home Screen
08:30 13:44:13.666 [main] [INFO] [com.revature.bankingapp.sysoutgui.util.ApplicationLogger] - Login Successful
08:30 13:44:13.666 [main] [INFO] [com.revature.bankingapp.sysoutgui.util.ApplicationLogger] - Launching Login page
08:30 13:44:25.215 [main] [INFO] [com.revature.bankingapp.sysoutgui.util.ApplicationLogger] - Test
08:30 13:55:37.905 [main] [INFO] [com.revature.bankingapp.sysoutgui.util.ApplicationLogger] - App is running
08:30 13:55:37.917 [main] [INFO] [com.revature.bankingapp.sysoutgui.util.ApplicationLogger] - Launching Home page
08:30 13:57:19.347 [main] [INFO] [com.revature.bankingapp.sysoutgui.util.ApplicationLogger] - Leaving Home Screen
08:30 13:57:19.351 [main] [INFO] [com.revature.bankingapp.sysoutgui.util.ApplicationLogger] - Login Successful
08:30 13:57:19.351 [main] [INFO] [com.revature.bankingapp.sysoutgui.util.ApplicationLogger] - Launching Login page
08:30 14:11:06.704 [main] [INFO] [com.revature.bankingapp.sysoutgui.util.ApplicationLogger] - App is running
08:30 14:11:06.705 [main] [INFO] [com.revature.bankingapp.sysoutgui.util.ApplicationLogger] - Launching Home page
