08-30-2019 17:30:59.773 [main] [INFO] [com.revature.bankingapp.sysoutgui.controllers.HomeController] - Launching Home page
08-30-2019 17:31:11.989 [main] [INFO] [com.revature.bankingapp.sysoutgui.controllers.HomeController] - Leaving Home Screen
08-30-2019 17:31:11.996 [main] [INFO] [com.revature.bankingapp.sysoutgui.controllers.AccountController] - Login Successful
08-30-2019 17:36:50.045 [main] [INFO] [com.revature.bankingapp.sysoutgui.servicesimpl.SubAccountServiceImpl] - 
 Deposited $1200.0 to Checking 7
08-30-2019 18:04:47.152 [main] [INFO] [com.revature.bankingapp.sysoutgui.servicesimpl.SubAccountServiceImpl] - 
 Withdrew $100.0 from Checking 7 For account id1
08-30-2019 18:11:46.578 [main] [INFO] [com.revature.bankingapp.sysoutgui.servicesimpl.SubAccountServiceImpl] - 
 Deposited $200.0 to Savings 8 For account id1
08-30-2019 18:14:39.422 [main] [INFO] [com.revature.bankingapp.sysoutgui.servicesimpl.SubAccountServiceImpl] - 
 Transfered $100.0 from Checking 7 to Checking 7 For account id1
08-30-2019 18:23:53.703 [main] [INFO] [com.revature.bankingapp.sysoutgui.servicesimpl.SubAccountServiceImpl] - 
 Transfered $100.0 from Checking 7 to Checking 7 For account id1
08-30-2019 18:28:43.140 [main] [INFO] [com.revature.bankingapp.sysoutgui.servicesimpl.SubAccountServiceImpl] - 
 Transfered $100.0 from Checking Account 7 to Checking Account 7 For account with id 1
08-30-2019 18:33:02.656 [main] [INFO] [com.revature.bankingapp.sysoutgui.servicesimpl.SubAccountServiceImpl] - 
 Transfered $100.0 from Checking Account 7 to Checking Account 7 For account with id 1
08-30-2019 18:36:00.503 [main] [INFO] [com.revature.bankingapp.sysoutgui.servicesimpl.SubAccountServiceImpl] - 
 Transfered $100.0 from Checking Account 7 to Checking Account 7 For account with id 1
08-30-2019 18:53:47.768 [main] [INFO] [com.revature.bankingapp.sysoutgui.servicesimpl.SubAccountServiceImpl] - 
 Transfered $3.0 from Checking Account 7 to Savings Account 8 For account with id 1
08-30-2019 18:54:09.453 [main] [INFO] [com.revature.bankingapp.sysoutgui.servicesimpl.SubAccountServiceImpl] - 
 Transfered $97.0 from Checking Account 7 to Savings Account 8 For account with id 1
08-30-2019 18:54:39.764 [main] [INFO] [com.revature.bankingapp.sysoutgui.servicesimpl.SubAccountServiceImpl] - 
 Transfered $100.0 from Savings Account 8 to Checking Account 7 For account with id 1
08-30-2019 18:54:57.874 [main] [INFO] [com.revature.bankingapp.sysoutgui.servicesimpl.SubAccountServiceImpl] - 
 Withdrew $500.0 from Checking Account 7 For account with id 1
08-30-2019 19:39:39.325 [main] [ERROR] [com.revature.bankingapp.sysoutgui.servicesimpl.SubAccountServiceImpl] - Cannot perform transaction. There are insufficient funds
08-30-2019 19:39:47.836 [main] [INFO] [com.revature.bankingapp.sysoutgui.servicesimpl.SubAccountServiceImpl] - 
 Deposited $100.0 to Checking Account 11 For account with id 2
08-30-2019 19:47:56.537 [main] [ERROR] [com.revature.bankingapp.sysoutgui.servicesimpl.SubAccountServiceImpl] - Cannot perform transaction. There are insufficient funds
08-30-2019 20:48:02.858 [main] [ERROR] [com.revature.bankingapp.sysoutgui.servicesimpl.SubAccountServiceImpl] - Cannot perform transaction. There are insufficient funds
08-30-2019 20:48:14.578 [main] [ERROR] [com.revature.bankingapp.sysoutgui.servicesimpl.SubAccountServiceImpl] - Cannot perform transaction. There are insufficient funds
08-30-2019 20:48:41.019 [main] [INFO] [com.revature.bankingapp.sysoutgui.servicesimpl.SubAccountServiceImpl] - 
 Transfered $50.0 from Checking Account 11 to Savings Account 13 For account with id 2

09-03-2019 19:08:11.571 [main] [ERROR] [com.revature.bankingapp.sysoutgui.servicesimpl.SubAccountServiceImpl] - Cannot perform transaction. There are insufficient funds
09-03-2019 19:29:13.196 [main] [ERROR] [com.revature.bankingapp.sysoutgui.servicesimpl.SubAccountServiceImpl] - com.revature.bankingapp.sysoutgui.exceptions.InsufficientFundsException: Cannot perform transaction. There are insufficient funds
09-03-2019 19:29:25.267 [main] [ERROR] [com.revature.bankingapp.sysoutgui.servicesimpl.SubAccountServiceImpl] - com.revature.bankingapp.sysoutgui.exceptions.InsufficientFundsException: Cannot perform transaction. There are insufficient funds
09-03-2019 19:29:50.123 [main] [INFO] [com.revature.bankingapp.sysoutgui.servicesimpl.SubAccountServiceImpl] - 
 Deposited $500.0 to Checking Account 14 For account with id 7
09-03-2019 19:30:14.019 [main] [INFO] [com.revature.bankingapp.sysoutgui.servicesimpl.SubAccountServiceImpl] - 
 Withdrew $250.0 from Checking Account 14 For account with id 7
09-03-2019 19:36:28.605 [main] [INFO] [com.revature.bankingapp.sysoutgui.servicesimpl.SubAccountServiceImpl] - 
 Deposited $250.0 to Checking Account 14 For account with id 7
09-03-2019 19:56:00.801 [main] [INFO] [com.revature.bankingapp.sysoutgui.servicesimpl.SubAccountServiceImpl] - 
 Deposited $500.0 to Checking Account 16 For account with id 7
09-03-2019 20:00:33.700 [main] [INFO] [com.revature.bankingapp.sysoutgui.servicesimpl.SubAccountServiceImpl] - 
 Deposited $500.0 to Checking Account 16 For account with id 7
09-03-2019 20:04:27.368 [main] [INFO] [com.revature.bankingapp.sysoutgui.servicesimpl.SubAccountServiceImpl] - 
 Withdrew $500.0 from Checking Account 16 For account with id 7
09-03-2019 20:04:57.635 [main] [INFO] [com.revature.bankingapp.sysoutgui.servicesimpl.SubAccountServiceImpl] - 
 Deposited $200.0 to Savings Account 17 For account with id 7
09-03-2019 20:05:01.164 [main] [ERROR] [com.revature.bankingapp.sysoutgui.servicesimpl.SubAccountServiceImpl] - com.revature.bankingapp.sysoutgui.exceptions.InsufficientFundsException: Cannot perform transaction. There are insufficient funds
09-03-2019 20:05:26.933 [main] [INFO] [com.revature.bankingapp.sysoutgui.servicesimpl.SubAccountServiceImpl] - 
 Transfered $150.0 from Checking Account 16 to Savings Account 17 For account with id 7
